filter:

q1:
Cloud_computing	340
ICloud_leaks_of_celebrity_photos	261
Cloud_Atlas_(film)	104
ICloud	66
Cloud_rap	64
SoundCloud	59
Oort_cloud	53
Cloudy_with_a_Chance_of_Meatballs_(film)	49
List_of_cloud_types	44
Cloud	39
Clouds_of_Sils_Maria	39
Cloud_Gate	36
SoundCloud_rap	36
Cloudy_with_a_Chance_of_Meatballs_2	30
Cloud_Atlas_(novel)	29
Cloud_Strife	29
Obscured_by_Clouds	29
Cirrus_cloud	28
Adobe_Creative_Cloud	27
I_Wandered_Lonely_as_a_Cloud	25
Cloud9	24
Red_Cloud	24
Cloud_seeding	23
Cloud_storage	23
Cumulonimbus_cloud	23
Clouded_leopard	22
Cumulus_cloud	21
Mushroom_cloud	20
Dark_Cloud	18
Amazon_Elastic_Compute_Cloud	17
Cloudy_with_a_Chance_of_Meatballs	17
Lenticular_cloud	17
Nextcloud	17
Beyond_the_Clouds_(2017_film)	16
Cloud_ear_fungus	16
Kevin_McCloud	16
Charlie_St._Cloud	15
Cloud_9_(2014_film)	15
Cloud_forest	15
A_Walk_in_the_Clouds	14
Molecular_cloud	14
Silver_St._Cloud	14
St._Cloud_State_Huskies_men's_ice_hockey	14
Cloud_Nine_(George_Harrison_album)	13
Google_Cloud_Platform	13
Large_Magellanic_Cloud	13
Rolls-Royce_Silver_Cloud	13
Charlie_St._Cloud_(film)	12
IBM_cloud_computing	12
McCloud_(TV_series)	12
The_Cloud_Minders	12
Cloud_Foundry	11
Colin_Cloud	11
Fox_McCloud	11
Nimbostratus_cloud	11
St._Cloud,_Minnesota	11
Altocumulus_cloud	10
Brewster_McCloud	10
Cloud_Nine	10
Google_Cloud_Print	10
Stratus_cloud	10
Château_de_Saint-Cloud	9
Cloudflare	9
Clouds_(Joni_Mitchell_album)	9
Death_in_the_Clouds	9
Get_Off_of_My_Cloud	9
Head_in_the_Clouds	9
Magellanic_Clouds	9
CipherCloud	8
CloudBees	8
Cloud_Cult	8
Cloudy_with_a_Chance_of_Meatballs_(TV_series)	8
Laughing_Under_the_Clouds	8
Point_cloud	8
St._Cloud_State_University	8
Cloud_chamber	7
Cloud_computing_security	7
Clouding_of_consciousness	7
Clouds_Rest	7
Funnel_cloud	7
Queen_of_the_Clouds	7
Red_Cloud's_War	7
Stratocumulus_cloud	7
T-12_Cloudmaker	7
Tag_cloud	7
Winged_Cloud	7
Adobe_Marketing_Cloud	6
Alibaba_Cloud	6
Arthur_Redcloud	6
Black_Clouds_&_Silver_Linings	6
Cloud9_IDE	6
Cloud_Nothings	6
Cloudbusting	6
Cloudera	6
Condensation_cloud	6
Empire_of_the_Clouds	6
Lake_Tear_of_the_Clouds	6
Lillie_McCloud	6
Minnesota_Correctional_Facility_–_St._Cloud	6
Noctilucent_cloud	6
Oracle_Cloud	6
OwnCloud	6
The_Cloud_of_Unknowing	6
Till_the_Clouds_Roll_By	6
Amazon_CloudFront	5
Arcus_cloud	5
Cloud_(dancer)	5
Cloud_Imperium_Games	5
Cloud_Nine_(The_Temptations_album)	5
Cloud_cuckoo_land	5
Cloud_gaming	5
Cloudgine	5
Little_Fluffy_Clouds	5
Local_Interstellar_Cloud	5
Monteverde_Cloud_Forest_Reserve	5
Morning_Glory_cloud	5
Oracle_Enterprise_Resource_Planning_Cloud	5
St._Cloud,_Florida	5
The_Death_and_Life_of_Charlie_St._Cloud	5
The_Purple_Cloud	5
White_Cloud_Mountain_minnow	5
Altostratus_cloud	4
Altostratus_undulatus_cloud	4
Apache_CloudStack	4
Asian_brown_cloud	4
Beyond_the_Clouds_(1995_film)	4
CloudHashing	4
Cloud_(video_game)	4
Cloud_Gate_Dance_Theatre	4
Cloud_Nine_(Kygo_album)	4
Cloud_computing_architecture	4
Cloud_condensation_nuclei	4
Cloud_iridescence	4
Cloud_physics	4
Cloudant	4
Cloudstreet	4
Cloudy_with_a_Chance_of_Meatballs_(franchise)	4
Cumulus_congestus_cloud	4
Glass_Cloud	4
Google_Cloud	4
McCloud,_California	4
Mitchell_Red_Cloud,_Jr.	4
My_Cloud	4
Noctilucent_clouds	4
Orion_Molecular_Cloud_Complex	4
Rodney_St._Cloud	4
Scott_McCloud	4
Sea_Cloud	4
Taurus_Molecular_Cloud_1	4
The_Clouds	4
The_Ninth_Cloud	4
The_Wayward_Cloud	4
Touch_the_Clouds	4
Xuan-Yuan_Sword:_Han_Cloud	4
Asperitas_(cloud)	3
Captains_of_the_Clouds	3
Château_de_Beauregard,_La_Celle-Saint-Cloud	3
Cirrocumulus_cloud	3
Cirrostratus_cloud	3
Cloud_Nine_(The_Temptations_song)	3
Cloud_database	3
Cloudberry_Kingdom	3
Cloudbleed	3
Cloudburst_(Whitacre)	3
Cloudcroft,_New_Mexico	3
Cloudcuckooland_(album)	3
Cloudland_Canyon_State_Park	3
Clouds_Hill	3
Far_Above_the_Clouds	3
Firebase_Cloud_Messaging	3
Floating_Clouds	3
Google_Cloud_Messaging	3
In_the_Cloud	3
Interstellar_cloud	3
Kevin_Cloud	3
Lake_of_the_Clouds	3
List_of_programs_for_point_cloud_processing	3
Many_Clouds	3
McCloud	3
McCloud_(surname)	3
Mobile_cloud_storage	3
Order_of_Propitious_Clouds	3
QCT_(Quanta_Cloud_Technology)	3
Saint-Cloud	3
Salesforce_Marketing_Cloud	3
Small_Magellanic_Cloud	3
St._Cloud_Regional_Airport	3
Take_Me_to_the_Clouds_Above	3
Tavoris_Cloud	3
Under_the_Red_Cloud	3
Wall_cloud	3
White_Cloud,_Michigan	3
ACRCloud	2
Black_Cloud	2
BriteCloud	2
CLOUD_Act	2
CallidusCloud	2
Cathedral_High_School_(St._Cloud,_Minnesota)	2
Ceiling_(cloud)	2
Chief_Thundercloud	2
Cirrus_intortus_cloud	2
Cirrus_uncinus_cloud	2
Cloud-based_integration	2
Cloud9_(service_provider)	2
CloudMe	2
CloudTV	2
Cloud_9_(2006_film)	2
Cloud_9_Living	2
Cloud_Eight_Films	2
Cloud_Elements	2
Cloud_Fortress	2
Cloud_Infrastructure_Management_Interface	2
Cloud_access_security_broker	2
Cloud_computing_comparison	2
Cloud_cover	2
Cloud_engineering	2
Cloud_feedback	2
Cloud_infrastructure	2
Cloud_load_balancing	2
Cloud_mining	2
Cloud_rat	2
Cloudburst_(2011_film)	2
Cloudia_Swann	2
Cloudinidae	2
Cloudland	2
Clouds	2
Clouds_House	2
Cloudscape_photography	2
Cloudy_Bay_Vineyards	2
Drifting_Clouds_(film)	2
Earthquake_cloud	2
Electric_Cloud	2
Electron_cloud	2
Flying_Cloud_(clipper)	2
Flying_Cloud_Airport	2
Formosan_clouded_leopard	2
Four_Steps_in_the_Clouds	2
Global_Cloud_Xchange	2
Google_Cloud_Connect	2
HP_Cloud	2
Henry_Cloud	2
Hurricane_dynamics_and_cloud_microphysics	2
HyperCloud_Memory	2
ICloud_celebrity_photo_leaks	2
Ice_cloud	2
In_the_Mountain_in_the_Cloud	2
International_Cloud_Atlas	2
Keychain_(Apple)/iCloud_Keychain	2
Large_Magellenic_Cloud	2
Mammatus_cloud	2
McCloud_Railway	2
Might_and_Magic_IV:_Clouds_of_Xeen	2
Mike_Cloud	2
Mountains_and_Clouds	2
Multicloud	2
Natasha_Cloud	2
Order_of_the_Cloud_and_Banner	2
Parc_de_Saint-Cloud	2
Partly_Cloudy	2
Point_Cloud_Library	2
Polar_stratospheric_cloud	2
Prince_of_Clouds	2
Purple_Cloud_Temple	2
Pyrocumulus_cloud	2
Red_Cloud,_Nebraska	2
Rose_Clouds_of_Holocaust	2
Song_to_the_Auspicious_Cloud	2
Soundcloud	2
Spirits_of_the_Air,_Gremlins_of_the_Clouds	2
St._Cloud,_Minnesota_metropolitan_area	2
St._Cloud_Hospital	2
Storm_Clouds_Cantata	2
Strange_Clouds_(album)	2
Sunda_clouded_leopard	2
The_Cloud_(poem)	2
The_Cloud_Door	2
The_Clouded_Yellow	2
VCloud_Air	2
Virtual_private_cloud	2
WS-124A_Flying_Cloud	2
Wave_cloud	2
White_Cloud,_Kansas	2
Wild_Eyed_Boy_from_Freecloud	2
Wilson_cloud	2
Yonder:_The_Cloud_Catcher_Chronicles	2
1970_Propane_vapor_cloud_explosion_in_Port_Hudson	1
2009–10_St._Cloud_State_Huskies_women's_ice_hockey_season	1
A_Cloud_in_Trousers	1
A_Rain_Cloud_in_the_Sky	1
A_Walk_in_the_Clouds_(soundtrack)	1
Above_the_Clouds	1
Actinoform_cloud	1
Altocumulus_castellanus_cloud	1
Amazon_Cloud	1
Amazon_Cloud_Player	1
Anthropogenic_cloud	1
Ash_cloud	1
Between_the_Concrete_and_Clouds	1
Blue_Cloud_Abbey	1
Born_on_a_Different_Cloud	1
Bouncing_off_Clouds	1
Cactus_to_Clouds_Trail	1
Camp_Red_Cloud	1
Castle_in_the_Clouds	1
Chief_Red_Cloud	1
Christmas_in_the_Clouds_(film)	1
Château_de_Saint_Cloud	1
Cirrus_clouds	1
Cloud-chasing_(electronic_cigarette)	1
Cloud9_(eSports)	1
CloudFlare	1
CloudForms	1
CloudLinux_OS	1
CloudNine_Communications	1
CloudSight	1
CloudStack	1
Cloud_(comics)	1
Cloud_(computing)	1
Cloud_19	1
Cloud_9_(Dove_Cameron_and_Luke_Benward_song)	1
Cloud_9_(George_Harrison_song)	1
Cloud_9_(play)	1
Cloud_Burst	1
Cloud_City	1
Cloud_Computing	1
Cloud_Computing_(horse)	1
Cloud_Control	1
Cloud_Creek,_Oklahoma	1
Cloud_Creek_crater	1
Cloud_Cruiser	1
Cloud_Cuckoo_Land	1
Cloud_Dancer	1
Cloud_Engineering	1
Cloud_Home	1
Cloud_Master	1
Cloud_Nine_(Kottonmouth_Kings_album)	1
Cloud_Nine_(play)	1
Cloud_Nine_(tensegrity_sphere)	1
Cloud_Peak	1
Cloud_Peak_Glacier	1
Cloud_Sherpas	1
Cloud_Storage_Gateway	1
Cloud_Technology	1
Cloud_Ten_Pictures	1
Cloud_application	1
Cloud_broker	1
Cloud_ceiling	1
Cloud_collaboration	1
Cloud_computing_issues	1
Cloud_forcing	1
Cloud_hosting	1
Cloud_marketing	1
Cloud_on_title	1
Cloud_printing	1
Cloud_robotics	1
Cloud_seed	1
Cloud_service	1
Cloud_species	1
Cloudbase	1
Cloudburst_(Transformers)	1
Cloudbuster	1
Clouddead	1
Clouddead_(album)	1
Cloudesley_Shovell	1
Cloudike	1
Cloudinary	1
Cloudkick	1
Clouds_(60s_rock_band)	1
Clouds_(Apollo_Brown_album)	1
Clouds_(Tiamat_album)	1
Clouds_Across_the_Moon	1
Clouds_in_My_Coffee	1
Clouds_of_May	1
Cloudsat	1
Cloudup	1
Cloudworks_Energy	1
Cloudy_with_a_Chance_of_Meatballs_(soundtrack)	1
Coyote_McCloud	1
Creative_Cloud	1
Crypto_cloud_computing	1
Cumulus_humilis_cloud	1
Cumulus_mediocris_cloud	1
Dana_L._Cloud	1
Dark_Clouds	1
Daughter_of_Cloud	1
Days_and_Clouds	1
Dinagat_bushy-tailed_cloud_rat	1
Distributed_file_system_for_cloud	1
DocumentCloud	1
Douglas_Cloudster_II	1
Elasticity_(cloud_computing)	1
Evaporating_Cloud	1
Flammagenitus_(cloud)	1
Fractus_cloud	1
From_the_Clouds	1
G-Cloud	1
George_McCloud	1
Get_off_of_My_Cloud	1
Giant_molecular_cloud	1
Google_Cloud_Dataproc	1
Google_Cloud_Datastore	1
Grass_Geysers...Carbon_Clouds	1
Greater_Magellanic_Cloud	1
Half-handed_Cloud	1
Henry_Roe_Cloud	1
Hills_cloud	1
How_Many_Clouds_Can_You_See?	1
Interplanetary_dust_cloud	1
Jeff_Cloud_(politician)	1
Jerry_Lonecloud	1
Jolicloud	1
Ken_Cloude	1
Ketchup_Clouds	1
Kevin_McCloud's_Escape_to_the_Wild	1
Kit_Cloudkicker	1
Kordylewski_cloud	1
Like_the_Clouds,_Like_the_Wind	1
List_of_McCloud_episodes	1
MagCloud	1
Majical_Cloudz	1
Many_Clouds_Chase	1
McCloud_Railway_18	1
McCloud_Railway_25	1
McLoud,_Oklahoma	1
Mighty_Clouds_of_Joy	1
Minneapolis-St._Paul-St._Cloud,_MN-WI_CSA	1
Mixcloud	1
NIWA_Cloud_Application_Platform	1
Native_cloud_application	1
North_Carolina_Pre-Flight_Cloudbusters_football	1
Only_Clouds_Move_the_Stars	1
Oort_Cloud	1
Operation_Autumn_Clouds	1
PCL_(Point_Cloud_Library)	1
Peak_11,272_(White_Cloud_Mountains)	1
PetCloud	1
Pillar_of_Cloud	1
Pillar_of_Cloud/Fire	1
Pillar_of_a_cloud	1
Point_cloud_scanning	1
Preston_Cloud	1
Private_cloud	1
Rackspace_Cloud	1
Red_Cloud:_Deliverance	1
Red_Cloud_Indian_School	1
Red_Thunder_Cloud	1
Rho_Ophiuchi_cloud_complex	1
Roll_cloud	1
Ryan_ST-100_Cloudster	1
SAP_Cloud_Platform	1
SAP_HANA_Cloud_Platform	1
SageMathCloud	1
Sagittarius_Star_Cloud	1
Saint-Cloud_porcelain	1
Saint_Cloud,_MN	1
Saint_Cloud_Regional_Airport	1
Sand_Cloud	1
Saro_Cloud	1
Satellite_Cloud_Image	1
Sea_Cloud_II	1
Sea_of_clouds	1
Shelf_cloud	1
Single-chip_Cloud_Computer	1
SoundCloud.com	1
St._Cloud_State_Huskies_women's_ice_hockey	1
Stearman_Cloudboy	1
Stuck_Inside_a_Cloud	1
Susan_Deer_Cloud	1
The_Black_Cloud	1
The_Cloud	1
The_Cloud,_Auckland	1
The_Cloud_(painting)	1
The_Cloud_Dream_of_the_Nine	1
The_Cloud_Searchers	1
The_Clouds_(Australian_band)	1
The_Drifting_Cloud	1
The_Edge_of_the_Cloud	1
The_Little_White_Cloud_That_Cried	1
The_Magellanic_Cloud	1
The_Moon_Lay_Hidden_Beneath_a_Cloud	1
The_Plastic_Cloud	1
The_Seeker_(Cloud_Cult_album)	1
The_Sun_Behind_the_Clouds	1
There_Is_a_Cloud	1
Translation_Cloud	1
UK_Government_G-Cloud	1
USCGC_Sea_Cloud_(WPG-284)	1
USNS_Red_Cloud_(T-AKR-313)	1
Uncloudy_Day	1
Underbelly_NZ:_Land_of_the_Long_Green_Cloud	1
Valley_in_the_Clouds	1
Waiting_for_the_Clouds	1
Weird_SoundCloud	1
White_Cloud	1
White_Cloud_Island_(Georgian_Bay)	1
White_Cloud_Peak_1	1
White_Cloud_Peak_10	1
White_Cloud_Peak_2	1
White_Cloud_Peak_3	1
White_Cloud_Peak_4	1
White_Cloud_Peak_5	1
White_Cloud_Peak_6	1
White_Cloud_Peak_7	1
White_Cloud_Peak_8	1
White_Cloud_Peak_9	1
White_Fluffy_Clouds	1
Xuan-Yuan_Sword_Legend:_The_Clouds_of_Han	1
Young_Sherlock_Holmes:_Death_Cloud	1
q2:
12
q3:
Cloud_computing	340
Cloud_Atlas_(film)	104
Cloud_rap	64
Cloudy_with_a_Chance_of_Meatballs_(film)	49
Cloud	39
Clouds_of_Sils_Maria	39
Cloud_Gate	36
Cloudy_with_a_Chance_of_Meatballs_2	30
Cloud_Atlas_(novel)	29
Cloud_Strife	29
Cloud9	24
Cloud_seeding	23
Cloud_storage	23
Clouded_leopard	22
Cloudy_with_a_Chance_of_Meatballs	17
Cloud_ear_fungus	16
Cloud_9_(2014_film)	15
Cloud_forest	15
Cloud_Nine_(George_Harrison_album)	13
Cloud_Foundry	11
Cloud_Nine	10
Cloudflare	9
Clouds_(Joni_Mitchell_album)	9
CloudBees	8
Cloud_Cult	8
Cloudy_with_a_Chance_of_Meatballs_(TV_series)	8
Cloud_chamber	7
Cloud_computing_security	7
Clouding_of_consciousness	7
Clouds_Rest	7
Cloud9_IDE	6
Cloud_Nothings	6
Cloudbusting	6
Cloudera	6
Cloud_(dancer)	5
Cloud_Imperium_Games	5
Cloud_Nine_(The_Temptations_album)	5
Cloud_cuckoo_land	5
Cloud_gaming	5
Cloudgine	5
CloudHashing	4
Cloud_(video_game)	4
Cloud_Gate_Dance_Theatre	4
Cloud_Nine_(Kygo_album)	4
Cloud_computing_architecture	4
Cloud_condensation_nuclei	4
Cloud_iridescence	4
Cloud_physics	4
Cloudant	4
Cloudstreet	4
Cloudy_with_a_Chance_of_Meatballs_(franchise)	4
Cloud_Nine_(The_Temptations_song)	3
Cloud_database	3
Cloudberry_Kingdom	3
Cloudbleed	3
Cloudburst_(Whitacre)	3
Cloudcroft,_New_Mexico	3
Cloudcuckooland_(album)	3
Cloudland_Canyon_State_Park	3
Clouds_Hill	3
CLOUD_Act	2
Cloud-based_integration	2
Cloud9_(service_provider)	2
CloudMe	2
CloudTV	2
Cloud_9_(2006_film)	2
Cloud_9_Living	2
Cloud_Eight_Films	2
Cloud_Elements	2
Cloud_Fortress	2
Cloud_Infrastructure_Management_Interface	2
Cloud_access_security_broker	2
Cloud_computing_comparison	2
Cloud_cover	2
Cloud_engineering	2
Cloud_feedback	2
Cloud_infrastructure	2
Cloud_load_balancing	2
Cloud_mining	2
Cloud_rat	2
Cloudburst_(2011_film)	2
Cloudia_Swann	2
Cloudinidae	2
Cloudland	2
Clouds	2
Clouds_House	2
Cloudscape_photography	2
Cloudy_Bay_Vineyards	2
Cloud-chasing_(electronic_cigarette)	1
Cloud9_(eSports)	1
CloudFlare	1
CloudForms	1
CloudLinux_OS	1
CloudNine_Communications	1
CloudSight	1
CloudStack	1
Cloud_(comics)	1
Cloud_(computing)	1
Cloud_19	1
Cloud_9_(Dove_Cameron_and_Luke_Benward_song)	1
Cloud_9_(George_Harrison_song)	1
Cloud_9_(play)	1
Cloud_Burst	1
Cloud_City	1
Cloud_Computing	1
Cloud_Computing_(horse)	1
Cloud_Control	1
Cloud_Creek,_Oklahoma	1
Cloud_Creek_crater	1
Cloud_Cruiser	1
Cloud_Cuckoo_Land	1
Cloud_Dancer	1
Cloud_Engineering	1
Cloud_Home	1
Cloud_Master	1
Cloud_Nine_(Kottonmouth_Kings_album)	1
Cloud_Nine_(play)	1
Cloud_Nine_(tensegrity_sphere)	1
Cloud_Peak	1
Cloud_Peak_Glacier	1
Cloud_Sherpas	1
Cloud_Storage_Gateway	1
Cloud_Technology	1
Cloud_Ten_Pictures	1
Cloud_application	1
Cloud_broker	1
Cloud_ceiling	1
Cloud_collaboration	1
Cloud_computing_issues	1
Cloud_forcing	1
Cloud_hosting	1
Cloud_marketing	1
Cloud_on_title	1
Cloud_printing	1
Cloud_robotics	1
Cloud_seed	1
Cloud_service	1
Cloud_species	1
Cloudbase	1
Cloudburst_(Transformers)	1
Cloudbuster	1
Clouddead	1
Clouddead_(album)	1
Cloudesley_Shovell	1
Cloudike	1
Cloudinary	1
Cloudkick	1
Clouds_(60s_rock_band)	1
Clouds_(Apollo_Brown_album)	1
Clouds_(Tiamat_album)	1
Clouds_Across_the_Moon	1
Clouds_in_My_Coffee	1
Clouds_of_May	1
Cloudsat	1
Cloudup	1
Cloudworks_Energy	1
Cloudy_with_a_Chance_of_Meatballs_(soundtrack)	1
q4:
Martin_Shkreli	16605
Pamela_Anderson	12338
Damarious_Randall	11394
XHamster	11355
Tyrod_Taylor	9959
Gianni_Versace	7799
2018_Winter_Paralympics	7728
Black_Panther_(film)	7005
A_Wrinkle_in_Time	5520
A_Wrinkle_in_Time_(2018_film)	5316
Andrew_Cunanan	5246
q5:
9071549
q6:
Martin_Shkreli,16605
Pamela_Anderson,12338
Damarious_Randall,11394
XHamster,11355
Tyrod_Taylor,9959
Gianni_Versace,7799
2018_Winter_Paralympics,7728
Black_Panther_(film),7005
A_Wrinkle_in_Time,5520
A_Wrinkle_in_Time_(2018_film),5316
q7:
340
q8:
count,1563419.0
mean,5.802378632983225
std,39.056515205675964
min,1.0
25%,1.0
50%,2.0
75%,4.0
max,16605.0
q9:
Michael_Avenatti,2823
Bruno_Mars,2822
KDND,2775
Exo_(band),2767
Suicide_of_Jacintha_Saldanha,2753
Richard_Sherman_(American_football),2715
Kim_Jong-un,2670
Donatella_Versace,2654
The_Shape_of_Water_(film),2613
Lisa_Bonet,2526
Tommy_Lee,2516
"Three_Billboards_Outside_Ebbing,_Missouri",2407
Tonya_Harding,2382
Google,2354
List_of_Marvel_Cinematic_Universe_films,2339
Null,2331
Logic_(musician),2308
Joey_Lawrence,2300
The_Seekers,2294
Judith_Durham,2285
Sarah_Huckabee_Sanders,2274
California_Proposition_218_(1996),2229
Julian_Assange,2228
Daylight_saving_time,2196
The_Shape_of_Water,2189
Gal_Gadot,2164
XXX_(franchise),2109
Jo_Min-ki,2108
The_Righteous_Brothers,2051
Call_Me_by_Your_Name_(film),2009
Dwayne_Johnson,2009
The_Legend_of_Lylah_Clare,2003
Jason_Momoa,2001
